<?xml version="1.0" encoding="UTF-8"?>
<!-- Generated by org.testng.reporters.JUnitReportReporter -->
<testsuite hostname="DESKTOP-OJDTQ61" failures="0" tests="3" name="com.web.ui.testScripts.HomePageTest" time="10.470" errors="0" timestamp="2022-07-16T23:25:06 IST" skipped="2">
  <testcase classname="com.web.ui.testScripts.HomePageTest" name="getAllWikiLinks" time="10.470"/>
  <system-out/>
  <testcase classname="com.web.ui.testScripts.HomePageTest" name="verifyErrorMessage">
    <skipped/>
  </testcase> <!-- verifyErrorMessage -->
  <system-out/>
  <testcase classname="com.web.ui.testScripts.HomePageTest" name="verifySerachFunctionality">
    <skipped/>
  </testcase> <!-- verifySerachFunctionality -->
  <system-out/>
</testsuite> <!-- com.web.ui.testScripts.HomePageTest -->
