<?xml version="1.0" encoding="UTF-8"?>
<!-- Generated by org.testng.reporters.JUnitReportReporter -->
<testsuite hostname="DESKTOP-OJDTQ61" failures="0" tests="3" name="com.web.ui.testScripts.ProductVerification" time="20.132" errors="0" timestamp="2022-02-04T21:23:55 IST" skipped="1">
  <testcase classname="com.web.ui.testScripts.ProductVerification" name="verifyProductBlueToothHeadsetResult" time="10.278"/>
  <system-out/>
  <testcase classname="com.web.ui.testScripts.ProductVerification" name="verifyProduct34LedTV" time="9.854"/>
  <system-out/>
  <testcase classname="com.web.ui.testScripts.ProductVerification" name="verifyPageTitile">
    <skipped/>
  </testcase> <!-- verifyPageTitile -->
  <system-out/>
</testsuite> <!-- com.web.ui.testScripts.ProductVerification -->
