<?xml version="1.0" encoding="UTF-8"?>
<!-- Generated by org.testng.reporters.JUnitReportReporter -->
<testsuite hostname="DESKTOP-OJDTQ61" failures="0" tests="4" name="com.web.ui.testScripts.CartVarification" time="17.354" errors="0" timestamp="2022-06-21T21:41:33 IST" skipped="0">
  <testcase classname="com.web.ui.testScripts.CartVarification" name="verifyMenuItems" time="7.208"/>
  <system-out/>
  <testcase classname="com.web.ui.testScripts.CartVarification" name="verifyRemoveItem" time="3.293"/>
  <system-out/>
  <testcase classname="com.web.ui.testScripts.CartVarification" name="verifyContinueShopping" time="3.449"/>
  <system-out/>
  <testcase classname="com.web.ui.testScripts.CartVarification" name="verifyAddtoCart" time="3.404"/>
  <system-out/>
</testsuite> <!-- com.web.ui.testScripts.CartVarification -->
