<?xml version="1.0" encoding="UTF-8"?>
<!-- Generated by org.testng.reporters.JUnitReportReporter -->
<testsuite hostname="DESKTOP-OJDTQ61" failures="0" tests="3" name="com.web.ui.testScripts.LoginVerification" time="9.653" errors="0" timestamp="2022-06-21T21:41:33 IST" skipped="0">
  <testcase classname="com.web.ui.testScripts.LoginVerification" name="verifyLoginsuccess" time="3.683"/>
  <system-out/>
  <testcase classname="com.web.ui.testScripts.LoginVerification" name="verifyLoginsuccess" time="2.985"/>
  <system-out/>
  <testcase classname="com.web.ui.testScripts.LoginVerification" name="verifyLoginsuccess" time="2.985"/>
  <system-out/>
</testsuite> <!-- com.web.ui.testScripts.LoginVerification -->
